running egg_info
creating ../../build/publisher_py/publisher_py.egg-info
writing ../../build/publisher_py/publisher_py.egg-info/PKG-INFO
writing dependency_links to ../../build/publisher_py/publisher_py.egg-info/dependency_links.txt
writing entry points to ../../build/publisher_py/publisher_py.egg-info/entry_points.txt
writing requirements to ../../build/publisher_py/publisher_py.egg-info/requires.txt
writing top-level names to ../../build/publisher_py/publisher_py.egg-info/top_level.txt
writing manifest file '../../build/publisher_py/publisher_py.egg-info/SOURCES.txt'
reading manifest file '../../build/publisher_py/publisher_py.egg-info/SOURCES.txt'
adding license file 'LICENSE'
writing manifest file '../../build/publisher_py/publisher_py.egg-info/SOURCES.txt'
running build
running build_py
creating /home/sophia/Documents/GitHub/ROS2_PubSub/build/publisher_py/build
creating /home/sophia/Documents/GitHub/ROS2_PubSub/build/publisher_py/build/lib
creating /home/sophia/Documents/GitHub/ROS2_PubSub/build/publisher_py/build/lib/publisher_py
copying publisher_py/__init__.py -> /home/sophia/Documents/GitHub/ROS2_PubSub/build/publisher_py/build/lib/publisher_py
copying publisher_py/publisher.py -> /home/sophia/Documents/GitHub/ROS2_PubSub/build/publisher_py/build/lib/publisher_py
running install
running install_lib
creating /home/sophia/Documents/GitHub/ROS2_PubSub/install/publisher_py/lib/python3.10/site-packages/publisher_py
copying /home/sophia/Documents/GitHub/ROS2_PubSub/build/publisher_py/build/lib/publisher_py/__init__.py -> /home/sophia/Documents/GitHub/ROS2_PubSub/install/publisher_py/lib/python3.10/site-packages/publisher_py
copying /home/sophia/Documents/GitHub/ROS2_PubSub/build/publisher_py/build/lib/publisher_py/publisher.py -> /home/sophia/Documents/GitHub/ROS2_PubSub/install/publisher_py/lib/python3.10/site-packages/publisher_py
byte-compiling /home/sophia/Documents/GitHub/ROS2_PubSub/install/publisher_py/lib/python3.10/site-packages/publisher_py/__init__.py to __init__.cpython-310.pyc
byte-compiling /home/sophia/Documents/GitHub/ROS2_PubSub/install/publisher_py/lib/python3.10/site-packages/publisher_py/publisher.py to publisher.cpython-310.pyc
running install_data
creating /home/sophia/Documents/GitHub/ROS2_PubSub/install/publisher_py/share/ament_index
creating /home/sophia/Documents/GitHub/ROS2_PubSub/install/publisher_py/share/ament_index/resource_index
creating /home/sophia/Documents/GitHub/ROS2_PubSub/install/publisher_py/share/ament_index/resource_index/packages
copying resource/publisher_py -> /home/sophia/Documents/GitHub/ROS2_PubSub/install/publisher_py/share/ament_index/resource_index/packages
copying package.xml -> /home/sophia/Documents/GitHub/ROS2_PubSub/install/publisher_py/share/publisher_py
running install_egg_info
Copying ../../build/publisher_py/publisher_py.egg-info to /home/sophia/Documents/GitHub/ROS2_PubSub/install/publisher_py/lib/python3.10/site-packages/publisher_py-0.0.0-py3.10.egg-info
running install_scripts
Installing talker script to /home/sophia/Documents/GitHub/ROS2_PubSub/install/publisher_py/lib/publisher_py
writing list of installed files to '/home/sophia/Documents/GitHub/ROS2_PubSub/build/publisher_py/install.log'
