[0.680s] Invoking command in '/home/sophia/Documents/GitHub/ROS2_PubSub/src/publisher_py': PYTHONPATH=/home/sophia/Documents/GitHub/ROS2_PubSub/build/publisher_py/prefix_override:/usr/lib/python3/dist-packages/colcon_core/task/python/colcon_distutils_commands:/home/sophia/Documents/GitHub/ROS2_PubSub/install/publisher_py/lib/python3.10/site-packages:${PYTHONPATH} /usr/bin/python3 -W ignore:setup.py install is deprecated setup.py egg_info --egg-base ../../build/publisher_py build --build-base /home/sophia/Documents/GitHub/ROS2_PubSub/build/publisher_py/build install --record /home/sophia/Documents/GitHub/ROS2_PubSub/build/publisher_py/install.log --single-version-externally-managed install_data
[0.901s] running egg_info
[0.902s] creating ../../build/publisher_py/publisher_py.egg-info
[0.903s] writing ../../build/publisher_py/publisher_py.egg-info/PKG-INFO
[0.903s] writing dependency_links to ../../build/publisher_py/publisher_py.egg-info/dependency_links.txt
[0.903s] writing entry points to ../../build/publisher_py/publisher_py.egg-info/entry_points.txt
[0.903s] writing requirements to ../../build/publisher_py/publisher_py.egg-info/requires.txt
[0.903s] writing top-level names to ../../build/publisher_py/publisher_py.egg-info/top_level.txt
[0.904s] writing manifest file '../../build/publisher_py/publisher_py.egg-info/SOURCES.txt'
[0.906s] reading manifest file '../../build/publisher_py/publisher_py.egg-info/SOURCES.txt'
[0.906s] adding license file 'LICENSE'
[0.907s] writing manifest file '../../build/publisher_py/publisher_py.egg-info/SOURCES.txt'
[0.907s] running build
[0.907s] running build_py
[0.907s] creating /home/sophia/Documents/GitHub/ROS2_PubSub/build/publisher_py/build
[0.907s] creating /home/sophia/Documents/GitHub/ROS2_PubSub/build/publisher_py/build/lib
[0.907s] creating /home/sophia/Documents/GitHub/ROS2_PubSub/build/publisher_py/build/lib/publisher_py
[0.907s] copying publisher_py/__init__.py -> /home/sophia/Documents/GitHub/ROS2_PubSub/build/publisher_py/build/lib/publisher_py
[0.907s] copying publisher_py/publisher.py -> /home/sophia/Documents/GitHub/ROS2_PubSub/build/publisher_py/build/lib/publisher_py
[0.908s] running install
[0.908s] running install_lib
[0.909s] creating /home/sophia/Documents/GitHub/ROS2_PubSub/install/publisher_py/lib/python3.10/site-packages/publisher_py
[0.909s] copying /home/sophia/Documents/GitHub/ROS2_PubSub/build/publisher_py/build/lib/publisher_py/__init__.py -> /home/sophia/Documents/GitHub/ROS2_PubSub/install/publisher_py/lib/python3.10/site-packages/publisher_py
[0.909s] copying /home/sophia/Documents/GitHub/ROS2_PubSub/build/publisher_py/build/lib/publisher_py/publisher.py -> /home/sophia/Documents/GitHub/ROS2_PubSub/install/publisher_py/lib/python3.10/site-packages/publisher_py
[0.910s] byte-compiling /home/sophia/Documents/GitHub/ROS2_PubSub/install/publisher_py/lib/python3.10/site-packages/publisher_py/__init__.py to __init__.cpython-310.pyc
[0.910s] byte-compiling /home/sophia/Documents/GitHub/ROS2_PubSub/install/publisher_py/lib/python3.10/site-packages/publisher_py/publisher.py to publisher.cpython-310.pyc
[0.911s] running install_data
[0.911s] creating /home/sophia/Documents/GitHub/ROS2_PubSub/install/publisher_py/share/ament_index
[0.911s] creating /home/sophia/Documents/GitHub/ROS2_PubSub/install/publisher_py/share/ament_index/resource_index
[0.911s] creating /home/sophia/Documents/GitHub/ROS2_PubSub/install/publisher_py/share/ament_index/resource_index/packages
[0.911s] copying resource/publisher_py -> /home/sophia/Documents/GitHub/ROS2_PubSub/install/publisher_py/share/ament_index/resource_index/packages
[0.911s] copying package.xml -> /home/sophia/Documents/GitHub/ROS2_PubSub/install/publisher_py/share/publisher_py
[0.911s] running install_egg_info
[0.914s] Copying ../../build/publisher_py/publisher_py.egg-info to /home/sophia/Documents/GitHub/ROS2_PubSub/install/publisher_py/lib/python3.10/site-packages/publisher_py-0.0.0-py3.10.egg-info
[0.915s] running install_scripts
[0.940s] Installing talker script to /home/sophia/Documents/GitHub/ROS2_PubSub/install/publisher_py/lib/publisher_py
[0.941s] writing list of installed files to '/home/sophia/Documents/GitHub/ROS2_PubSub/build/publisher_py/install.log'
[1.012s] Invoked command in '/home/sophia/Documents/GitHub/ROS2_PubSub/src/publisher_py' returned '0': PYTHONPATH=/home/sophia/Documents/GitHub/ROS2_PubSub/build/publisher_py/prefix_override:/usr/lib/python3/dist-packages/colcon_core/task/python/colcon_distutils_commands:/home/sophia/Documents/GitHub/ROS2_PubSub/install/publisher_py/lib/python3.10/site-packages:${PYTHONPATH} /usr/bin/python3 -W ignore:setup.py install is deprecated setup.py egg_info --egg-base ../../build/publisher_py build --build-base /home/sophia/Documents/GitHub/ROS2_PubSub/build/publisher_py/build install --record /home/sophia/Documents/GitHub/ROS2_PubSub/build/publisher_py/install.log --single-version-externally-managed install_data
